#
# There is insufficient memory for the Java Runtime Environment to continue.
# Native memory allocation (malloc) failed to allocate 1048576 bytes for AllocateHeap
# Possible reasons:
#   The system is out of physical RAM or swap space
#   The process is running with CompressedOops enabled, and the Java Heap may be blocking the growth of the native heap
# Possible solutions:
#   Reduce memory load on the system
#   Increase physical memory or swap space
#   Check if swap backing store is full
#   Decrease Java heap size (-Xmx/-Xms)
#   Decrease number of Java threads
#   Decrease Java thread stack sizes (-Xss)
#   Set larger code cache with -XX:ReservedCodeCacheSize=
#   JVM is running with Unscaled Compressed Oops mode in which the Java heap is
#     placed in the first 4GB address space. The Java Heap base address is the
#     maximum limit for the native heap growth. Please use -XX:HeapBaseMinAddress
#     to set the Java Heap base and to place the Java Heap above 4GB virtual address.
# This output file may be truncated or incomplete.
#
#  Out of Memory Error (memory/allocation.inline.hpp:61), pid=32456, tid=0x0000000000003e38
#
# JRE version:  (8.0_281-b09) (build )
# Java VM: Java HotSpot(TM) 64-Bit Server VM (25.281-b09 mixed mode windows-amd64 compressed oops)
# Failed to write core dump. Minidumps are not enabled by default on client versions of Windows
#

---------------  T H R E A D  ---------------

Current thread (0x0000018e3dd22000):  JavaThread "Unknown thread" [_thread_in_vm, id=15928, stack(0x0000000ea4100000,0x0000000ea4200000)]

Stack: [0x0000000ea4100000,0x0000000ea4200000]
Native frames: (J=compiled Java code, j=interpreted, Vv=VM code, C=native code)
V  [jvm.dll+0x32e5b9]
V  [jvm.dll+0x275012]
V  [jvm.dll+0x275cbd]
V  [jvm.dll+0x26c6f5]
V  [jvm.dll+0x509d]
V  [jvm.dll+0x3d2b23]
V  [jvm.dll+0x3d3538]
V  [jvm.dll+0xfcaaf]
V  [jvm.dll+0x209a1b]
V  [jvm.dll+0x2383d7]
V  [jvm.dll+0x162566]
C  [java.exe+0x2312]
C  [java.exe+0x15f54]
C  [KERNEL32.DLL+0x17034]
C  [ntdll.dll+0x52651]


---------------  P R O C E S S  ---------------

Java Threads: ( => current thread )

Other Threads:

=>0x0000018e3dd22000 (exited) JavaThread "Unknown thread" [_thread_in_vm, id=15928, stack(0x0000000ea4100000,0x0000000ea4200000)]

VM state:not at safepoint (normal execution)

VM Mutex/Monitor currently owned by a thread: None

heap address: 0x0000000083600000, size: 1994 MB, Compressed Oops mode: 32-bit
Narrow klass base: 0x0000000000000000, Narrow klass shift: 3
Compressed class space size: 1073741824 Address: 0x0000000100000000

Heap:
 PSYoungGen      total 37888K, used 655K [0x00000000d6780000, 0x00000000d9180000, 0x0000000100000000)
  eden space 32768K, 2% used [0x00000000d6780000,0x00000000d6823d80,0x00000000d8780000)
  from space 5120K, 0% used [0x00000000d8c80000,0x00000000d8c80000,0x00000000d9180000)
  to   space 5120K, 0% used [0x00000000d8780000,0x00000000d8780000,0x00000000d8c80000)
 ParOldGen       total 86016K, used 0K [0x0000000083600000, 0x0000000088a00000, 0x00000000d6780000)
  object space 86016K, 0% used [0x0000000083600000,0x0000000083600000,0x0000000088a00000)
 Metaspace       used 777K, capacity 4480K, committed 4480K, reserved 1056768K
  class space    used 76K, capacity 384K, committed 384K, reserved 1048576K

Card table byte_map: [0x0000018e4e9e0000,0x0000018e4edd0000] byte_map_base: 0x0000018e4e5c5000

Marking Bits: (ParMarkBitMap*) 0x00000000581a6ff0
 Begin Bits: [0x0000018e4f070000, 0x0000018e50f98000)
 End Bits:   [0x0000018e50f98000, 0x0000018e52ec0000)

Polling page: 0x0000018e3de00000

CodeCache: size=245760Kb used=328Kb max_used=328Kb free=245431Kb
 bounds [0x0000018e3f620000, 0x0000018e3f890000, 0x0000018e4e620000]
 total_blobs=58 nmethods=0 adapters=38
 compilation: enabled

Compilation events (0 events):
No events

GC Heap History (0 events):
No events

Deoptimization events (0 events):
No events

Classes redefined (0 events):
No events

Internal exceptions (0 events):
No events

Events (10 events):
Event: 0.021 loading class java/lang/Short
Event: 0.021 loading class java/lang/Short done
Event: 0.021 loading class java/lang/Integer
Event: 0.021 loading class java/lang/Integer done
Event: 0.021 loading class java/lang/Long
Event: 0.021 loading class java/lang/Long done
Event: 0.022 loading class java/lang/NullPointerException
Event: 0.022 loading class java/lang/NullPointerException done
Event: 0.022 loading class java/lang/ArithmeticException
Event: 0.022 loading class java/lang/ArithmeticException done


Dynamic libraries:
0x00007ff718020000 - 0x00007ff718067000 	C:\Program Files\Java\jdk1.8.0_281\bin\java.exe
0x00007ffafadb0000 - 0x00007ffafafa5000 	C:\WINDOWS\SYSTEM32\ntdll.dll
0x00007ffaf8e10000 - 0x00007ffaf8ecd000 	C:\WINDOWS\System32\KERNEL32.DLL
0x00007ffaf87b0000 - 0x00007ffaf8a78000 	C:\WINDOWS\System32\KERNELBASE.dll
0x00007ffaf9070000 - 0x00007ffaf911c000 	C:\WINDOWS\System32\ADVAPI32.dll
0x00007ffaf9860000 - 0x00007ffaf98fe000 	C:\WINDOWS\System32\msvcrt.dll
0x00007ffaf9d50000 - 0x00007ffaf9deb000 	C:\WINDOWS\System32\sechost.dll
0x00007ffaf9f80000 - 0x00007ffafa0ab000 	C:\WINDOWS\System32\RPCRT4.dll
0x00007ffaf8ed0000 - 0x00007ffaf9070000 	C:\WINDOWS\System32\USER32.dll
0x00007ffaf8cb0000 - 0x00007ffaf8cd2000 	C:\WINDOWS\System32\win32u.dll
0x00007ffaf9900000 - 0x00007ffaf992a000 	C:\WINDOWS\System32\GDI32.dll
0x00007ffaf8ba0000 - 0x00007ffaf8cab000 	C:\WINDOWS\System32\gdi32full.dll
0x00007ffaf8b00000 - 0x00007ffaf8b9d000 	C:\WINDOWS\System32\msvcp_win.dll
0x00007ffaf8ce0000 - 0x00007ffaf8de0000 	C:\WINDOWS\System32\ucrtbase.dll
0x00007ffad9f10000 - 0x00007ffada1aa000 	C:\WINDOWS\WinSxS\amd64_microsoft.windows.common-controls_6595b64144ccf1df_6.0.19041.844_none_ca00b6081b84eb1d\COMCTL32.dll
0x00007ffafad40000 - 0x00007ffafad70000 	C:\WINDOWS\System32\IMM32.DLL
0x00007ffaddaf0000 - 0x00007ffaddb05000 	C:\Program Files\Java\jdk1.8.0_281\jre\bin\vcruntime140.dll
0x00007ffab9440000 - 0x00007ffab94db000 	C:\Program Files\Java\jdk1.8.0_281\jre\bin\msvcp140.dll
0x00000000579c0000 - 0x000000005821f000 	C:\Program Files\Java\jdk1.8.0_281\jre\bin\server\jvm.dll
0x00007ffaf9cb0000 - 0x00007ffaf9cb8000 	C:\WINDOWS\System32\PSAPI.DLL
0x00007ffaedce0000 - 0x00007ffaedcea000 	C:\WINDOWS\SYSTEM32\VERSION.dll
0x00007ffada360000 - 0x00007ffada387000 	C:\WINDOWS\SYSTEM32\WINMM.dll
0x00007ffae0db0000 - 0x00007ffae0db9000 	C:\WINDOWS\SYSTEM32\WSOCK32.dll
0x00007ffafa0b0000 - 0x00007ffafa11b000 	C:\WINDOWS\System32\WS2_32.dll
0x00007ffaf6dc0000 - 0x00007ffaf6dd2000 	C:\WINDOWS\SYSTEM32\kernel.appcore.dll
0x00007ffae0d60000 - 0x00007ffae0d70000 	C:\Program Files\Java\jdk1.8.0_281\jre\bin\verify.dll
0x00007ffabebb0000 - 0x00007ffabebdb000 	C:\Program Files\Java\jdk1.8.0_281\jre\bin\java.dll
0x00007ffacc410000 - 0x00007ffacc428000 	C:\Program Files\Java\jdk1.8.0_281\jre\bin\zip.dll
0x00007ffaf6ae0000 - 0x00007ffaf6cc4000 	C:\WINDOWS\SYSTEM32\dbghelp.dll
0x00007ffaf8a80000 - 0x00007ffaf8b00000 	C:\WINDOWS\System32\bcryptPrimitives.dll

VM Arguments:
jvm_args: -Dfile.encoding=UTF-8 
java_command: hotel.management.system.AddEmployee
java_class_path (initial): C:\Program Files\NetBeans 8.0\ide\modules\ext\mysql-connector-java-5.1.23-bin.jar;D:\urvima'amhw\Hotel Management System\build\classes
Launcher Type: SUN_STANDARD

Environment Variables:
PATH=C:\Program Files\Java\jdk1.8.0_281\bin;C:\Program Files\Common Files\Oracle\Java\javapath;C:\Program Files (x86)\Common Files\Oracle\Java\javapath;C:\windows\system32;C:\windows;C:\windows\System32\Wbem;C:\windows\System32\WindowsPowerShell\v1.0\;C:\windows\System32\OpenSSH\;C:\Program Files (x86)\NVIDIA Corporation\PhysX\Common;C:\Program Files\NVIDIA Corporation\NVIDIA NvDLISR;C:\WINDOWS\system32;C:\WINDOWS;C:\WINDOWS\System32\Wbem;C:\WINDOWS\System32\WindowsPowerShell\v1.0\;C:\WINDOWS\System32\OpenSSH\;C:\Program Files\Java\jdk1.8.0_281\bin;C:\Program Files\JetBrains\IntelliJ IDEA Community Edition 2020.3.2\bin;;C:\Users\Admin\AppData\Local\Microsoft\WindowsApps;C:\Users\Admin\AppData\Local\Programs\Microsoft VS Code\bin;C:\MinGW\bin;C:\Program Files\Java\jdk1.8.0_281\bin;
USERNAME=Admin
OS=Windows_NT
PROCESSOR_IDENTIFIER=Intel64 Family 6 Model 126 Stepping 5, GenuineIntel



---------------  S Y S T E M  ---------------

OS: Windows 10.0 , 64 bit Build 19041 (10.0.19041.928)

CPU:total 8 (initial active 8) (4 cores per cpu, 2 threads per core) family 6 model 126 stepping 5, cmov, cx8, fxsr, mmx, sse, sse2, sse3, ssse3, sse4.1, sse4.2, popcnt, avx, avx2, aes, clmul, erms, 3dnowpref, lzcnt, ht, tsc, tscinvbit, bmi1, bmi2, adx

Memory: 4k page, physical 8161072k(1459932k free), swap 33326896k(5320k free)

vm_info: Java HotSpot(TM) 64-Bit Server VM (25.281-b09) for windows-amd64 JRE (1.8.0_281-b09), built on Dec  9 2020 13:54:07 by "" with MS VC++ 15.9 (VS2017)

time: Sun May 30 01:38:52 2021
timezone: India Standard Time
elapsed time: 0.140980 seconds (0d 0h 0m 0s)

